[2025-01-06 09:20:14,653 - INFO] Watching for file changes with StatReloader
[2025-01-06 09:22:19,450 - INFO] Watching for file changes with StatReloader
[2025-01-06 09:24:08,241 - INFO] Watching for file changes with StatReloader
[2025-01-06 09:28:57,294 - INFO] Watching for file changes with StatReloader
[2025-01-06 09:32:34,593 - INFO] DB: was empty and has been filled with data from the given velib station
[2025-01-06 09:32:34,593 - INFO] DB: updated
[2025-01-06 09:32:40,843 - INFO] DB: already up to date
[2025-01-06 09:32:47,629 - INFO] DB: already up to date
[2025-01-06 09:32:48,825 - INFO] DB: already up to date
[2025-01-06 09:32:48,856 - INFO] Watching for file changes with StatReloader
[2025-01-06 09:33:07,872 - INFO] DB: already up to date
[2025-01-06 09:33:24,150 - INFO] DB: already up to date
[2025-01-06 09:33:25,239 - INFO] DB: already up to date
[2025-01-06 09:33:25,270 - INFO] Watching for file changes with StatReloader
[2025-01-06 09:33:45,826 - INFO] DB: already up to date
[2025-01-06 09:33:50,374 - INFO] DB: already up to date
[2025-01-06 09:33:51,503 - INFO] DB: already up to date
[2025-01-06 09:33:51,537 - INFO] Watching for file changes with StatReloader
[2025-01-06 09:34:10,157 - WARNING] Not Found: /
[2025-01-06 09:34:10,403 - WARNING] Not Found: /favicon.ico
[2025-01-06 09:34:40,611 - WARNING] Not Found: /get_stations
[2025-01-06 09:34:55,855 - WARNING] Not Found: /get-stations
[2025-01-06 09:36:20,673 - INFO] C:\Users\NoWay_y\OneDrive\Bureau\V-lib\backend\VlibData\views\get_stations.py changed, reloading.
[2025-01-06 09:36:21,851 - INFO] DB: already up to date
[2025-01-06 09:36:21,889 - INFO] Watching for file changes with StatReloader
[2025-01-06 09:36:26,170 - INFO] C:\Users\NoWay_y\OneDrive\Bureau\V-lib\backend\VlibData\views\get_stations.py changed, reloading.
[2025-01-06 09:36:27,443 - INFO] DB: already up to date
[2025-01-06 09:36:27,477 - INFO] Watching for file changes with StatReloader
[2025-01-06 09:36:29,912 - INFO] C:\Users\NoWay_y\OneDrive\Bureau\V-lib\backend\VlibData\views\get_stations.py changed, reloading.
[2025-01-06 09:36:31,144 - INFO] DB: already up to date
[2025-01-06 09:36:31,177 - INFO] Watching for file changes with StatReloader
[2025-01-06 09:48:45,508 - INFO] DB: already up to date
[2025-01-06 09:48:46,609 - INFO] DB: already up to date
[2025-01-06 09:48:46,640 - INFO] Watching for file changes with StatReloader
[2025-01-06 10:21:16,386 - INFO] DB: already up to date
